C:\Program Files (x86)\Microsoft Visual Studio\2019\Community\MSBuild\Microsoft\VC\v160\Microsoft.CppBuild.targets(499,5): warning MSB8004: Output Directory does not end with a trailing slash.  This build instance will add the slash as it is required to allow proper evaluation of the Output Directory.
  Animations.cpp
  Block.cpp
  Dynamic_Blocks.cpp
  gameobject.cpp
  gamestate.cpp
  level.cpp
E:\Hw_C++\HW\Project1\Project1\level.cpp(71,54): warning C4244: 'argument': conversion from 'double' to 'float', possible loss of data
E:\Hw_C++\HW\Project1\Project1\level.cpp(117,2): warning C4305: '=': truncation from 'double' to 'float'
  main.cpp
  player.cpp
E:\Hw_C++\HW\Project1\Project1\player.cpp(25,30): warning C4305: 'argument': truncation from 'double' to 'float'
  Sounds.cpp
  Generating Code...
sggd.lib(AudioManager.obj) : warning LNK4099: PDB 'sggd.pdb' was not found with 'sggd.lib(AudioManager.obj)' or at 'E:\Hw_C++\HW\Project1\bin\sggd.pdb'; linking object as if no debug info
sggd.lib(fonts.obj) : warning LNK4099: PDB 'sggd.pdb' was not found with 'sggd.lib(fonts.obj)' or at 'E:\Hw_C++\HW\Project1\bin\sggd.pdb'; linking object as if no debug info
sggd.lib(GLbackend.obj) : warning LNK4099: PDB 'sggd.pdb' was not found with 'sggd.lib(GLbackend.obj)' or at 'E:\Hw_C++\HW\Project1\bin\sggd.pdb'; linking object as if no debug info
sggd.lib(graphics.obj) : warning LNK4099: PDB '' was not found with 'sggd.lib(graphics.obj)' or at ''; linking object as if no debug info
sggd.lib(lodepng.obj) : warning LNK4099: PDB 'sggd.pdb' was not found with 'sggd.lib(lodepng.obj)' or at 'E:\Hw_C++\HW\Project1\bin\sggd.pdb'; linking object as if no debug info
sggd.lib(shader.obj) : warning LNK4099: PDB 'sggd.pdb' was not found with 'sggd.lib(shader.obj)' or at 'E:\Hw_C++\HW\Project1\bin\sggd.pdb'; linking object as if no debug info
sggd.lib(texture.obj) : warning LNK4099: PDB 'sggd.pdb' was not found with 'sggd.lib(texture.obj)' or at 'E:\Hw_C++\HW\Project1\bin\sggd.pdb'; linking object as if no debug info
  Project1.vcxproj -> E:\Hw_C++\HW\Project1\bin\Project1.exe
