e:\hw_c++\hw\project1\project1\x64\debug\vc142.pdb
e:\hw_c++\hw\project1\project1\x64\debug\vc142.idb
e:\hw_c++\hw\project1\project1\x64\debug\sounds.obj
e:\hw_c++\hw\project1\project1\x64\debug\player.obj
e:\hw_c++\hw\project1\project1\x64\debug\main.obj
e:\hw_c++\hw\project1\project1\x64\debug\level.obj
e:\hw_c++\hw\project1\project1\x64\debug\gamestate.obj
e:\hw_c++\hw\project1\project1\x64\debug\gameobject.obj
e:\hw_c++\hw\project1\project1\x64\debug\dynamic_blocks.obj
e:\hw_c++\hw\project1\project1\x64\debug\block.obj
e:\hw_c++\hw\project1\project1\x64\debug\animations.obj
e:\hw_c++\hw\project1\project1\x64\debug\timer.obj
e:\hw_c++\hw\project1\bin\project1.exe
e:\hw_c++\hw\project1\project1\x64\debug\project1.ilk
e:\hw_c++\hw\project1\bin\project1.pdb
e:\hw_c++\hw\project1\project1\x64\debug\project1.tlog\cl.command.1.tlog
e:\hw_c++\hw\project1\project1\x64\debug\project1.tlog\cl.read.1.tlog
e:\hw_c++\hw\project1\project1\x64\debug\project1.tlog\cl.write.1.tlog
e:\hw_c++\hw\project1\project1\x64\debug\project1.tlog\link.command.1.tlog
e:\hw_c++\hw\project1\project1\x64\debug\project1.tlog\link.read.1.tlog
e:\hw_c++\hw\project1\project1\x64\debug\project1.tlog\link.write.1.tlog
